<?xml version="1.0" encoding="UTF-8"?>
<!-- Generated by org.testng.reporters.JUnitReportReporter -->
<testsuite skipped="0" hostname="DESKTOP-6QEHP5A" name="testScripts.Customer" tests="2" failures="0" timestamp="2019-12-01T23:41:10 IST" time="64.913" errors="0">
  <testcase name="customerModuleDisplayed" time="59.242" classname="testScripts.Customer"/>
  <testcase name="customerButton" time="5.671" classname="testScripts.Customer"/>
</testsuite> <!-- testScripts.Customer -->
