<?xml version="1.0" encoding="UTF-8"?>
<!-- Generated by org.testng.reporters.JUnitReportReporter -->
<testsuite skipped="0" hostname="DESKTOP-6QEHP5A" name="commonUtils.BaseClass" tests="1" failures="0" timestamp="2019-11-30T22:34:32 IST" time="0.007" errors="0">
  <testcase name="test" time="0.007" classname="commonUtils.BaseClass"/>
</testsuite> <!-- commonUtils.BaseClass -->
